<?xml version="1.0" encoding="UTF-8"?>
<!-- Generated by org.testng.reporters.JUnitReportReporter -->
<testsuite hostname="usa0300vm3739" failures="0" tests="1" name="TESTNG_MKT.S_44_TESTNG_Annotations" time="0.005" errors="0" timestamp="2025-01-20T05:26:02 EST" skipped="0">
  <testcase classname="TESTNG_MKT.S_44_TESTNG_Annotations" name="test2" time="0.005"/>
</testsuite> <!-- TESTNG_MKT.S_44_TESTNG_Annotations -->
