<?xml version="1.0" encoding="UTF-8"?>
<!-- Generated by org.testng.reporters.JUnitReportReporter -->
<testsuite hostname="usa0300vm3739" failures="0" tests="1" name="TESTNG_MKT.S_48_OrderofAnnotations" time="0.010" errors="0" timestamp="2025-01-20T05:33:23 EST" skipped="0">
  <testcase classname="TESTNG_MKT.S_48_OrderofAnnotations" name="test" time="0.010"/>
</testsuite> <!-- TESTNG_MKT.S_48_OrderofAnnotations -->
