<?xml version="1.0" encoding="UTF-8"?>
<!-- Generated by org.testng.reporters.JUnitReportReporter -->
<testsuite hostname="usa0300vm3739" failures="0" tests="15" name="TESTNG_MKT.S_54_Multiple_DataInput_Using_DataProvider" time="0.026" errors="0" timestamp="2025-01-27T06:26:07 EST" skipped="0">
  <testcase classname="TESTNG_MKT.S_54_Multiple_DataInput_Using_DataProvider" name="fname_input" time="0.001"/>
  <testcase classname="TESTNG_MKT.S_54_Multiple_DataInput_Using_DataProvider" name="fname_input" time="0.001"/>
  <testcase classname="TESTNG_MKT.S_54_Multiple_DataInput_Using_DataProvider" name="lname_input" time="0.001"/>
  <testcase classname="TESTNG_MKT.S_54_Multiple_DataInput_Using_DataProvider" name="fname_input" time="0.006"/>
  <testcase classname="TESTNG_MKT.S_54_Multiple_DataInput_Using_DataProvider" name="fname_input" time="0.000"/>
  <testcase classname="TESTNG_MKT.S_54_Multiple_DataInput_Using_DataProvider" name="fname_input" time="0.000"/>
  <testcase classname="TESTNG_MKT.S_54_Multiple_DataInput_Using_DataProvider" name="lname_input" time="0.003"/>
  <testcase classname="TESTNG_MKT.S_54_Multiple_DataInput_Using_DataProvider" name="fname_input" time="0.001"/>
  <testcase classname="TESTNG_MKT.S_54_Multiple_DataInput_Using_DataProvider" name="multiple_Input" time="0.003"/>
  <testcase classname="TESTNG_MKT.S_54_Multiple_DataInput_Using_DataProvider" name="fname_input" time="0.001"/>
  <testcase classname="TESTNG_MKT.S_54_Multiple_DataInput_Using_DataProvider" name="multiple_Input" time="0.000"/>
  <testcase classname="TESTNG_MKT.S_54_Multiple_DataInput_Using_DataProvider" name="lname_input" time="0.002"/>
  <testcase classname="TESTNG_MKT.S_54_Multiple_DataInput_Using_DataProvider" name="fname_input" time="0.002"/>
  <testcase classname="TESTNG_MKT.S_54_Multiple_DataInput_Using_DataProvider" name="fname_input" time="0.004"/>
  <testcase classname="TESTNG_MKT.S_54_Multiple_DataInput_Using_DataProvider" name="multiple_Input" time="0.001"/>
</testsuite> <!-- TESTNG_MKT.S_54_Multiple_DataInput_Using_DataProvider -->
