<?xml version="1.0" encoding="UTF-8"?>
<!-- Generated by org.testng.reporters.JUnitReportReporter -->
<testsuite hostname="usa0300vm3739" failures="0" tests="2" name="TESTNG_MKT.S_49_OrderOfAnnotations" time="0.013" errors="0" timestamp="2025-01-20T05:34:56 EST" skipped="0">
  <testcase classname="TESTNG_MKT.S_49_OrderOfAnnotations" name="test" time="0.004"/>
  <testcase classname="TESTNG_MKT.S_49_OrderOfAnnotations" name="test2" time="0.009"/>
</testsuite> <!-- TESTNG_MKT.S_49_OrderOfAnnotations -->
