<?xml version="1.0" encoding="UTF-8"?>
<!-- Generated by org.testng.reporters.JUnitReportReporter -->
<testsuite hostname="usa0300vm3739" failures="0" tests="1" name="TESTNG_MKT.S_45_OrderofAnnotation" time="0.011" errors="0" timestamp="2025-01-20T05:28:36 EST" skipped="0">
  <testcase classname="TESTNG_MKT.S_45_OrderofAnnotation" name="testCase1" time="0.011"/>
</testsuite> <!-- TESTNG_MKT.S_45_OrderofAnnotation -->
