<?xml version="1.0" encoding="UTF-8"?>
<!-- Generated by org.testng.reporters.JUnitReportReporter -->
<testsuite hostname="usa0300vm3739" failures="0" tests="3" name="TESTNG_MKT.S_53_56_Amazon_and_GoogleSearch_Using_DataProvider" time="13.256" errors="0" timestamp="2025-01-27T06:36:33 EST" skipped="0">
  <testcase classname="TESTNG_MKT.S_53_56_Amazon_and_GoogleSearch_Using_DataProvider" name="amazon_Search" time="4.416"/>
  <testcase classname="TESTNG_MKT.S_53_56_Amazon_and_GoogleSearch_Using_DataProvider" name="amazon_Search" time="4.318"/>
  <testcase classname="TESTNG_MKT.S_53_56_Amazon_and_GoogleSearch_Using_DataProvider" name="amazon_Search" time="4.522"/>
</testsuite> <!-- TESTNG_MKT.S_53_56_Amazon_and_GoogleSearch_Using_DataProvider -->
