<?xml version="1.0" encoding="UTF-8"?>
<!-- Generated by org.testng.reporters.JUnitReportReporter -->
<testsuite hostname="usa0300vm3739" failures="0" tests="7" name="TESTNG_MKT.S_61_Annotation_2Parametersin_Test" time="0.010" errors="0" timestamp="2025-01-29T05:44:13 EST" skipped="1">
  <testcase classname="TESTNG_MKT.S_61_Annotation_2Parametersin_Test" name="testcaseA" time="0.006"/>
  <testcase classname="TESTNG_MKT.S_61_Annotation_2Parametersin_Test" name="testcaseC" time="0.001"/>
  <testcase classname="TESTNG_MKT.S_61_Annotation_2Parametersin_Test" name="testcaseD" time="0.001"/>
  <testcase classname="TESTNG_MKT.S_61_Annotation_2Parametersin_Test" name="testcaseC" time="0.001"/>
  <testcase classname="TESTNG_MKT.S_61_Annotation_2Parametersin_Test" name="testcaseC" time="0.001"/>
  <testcase classname="TESTNG_MKT.S_61_Annotation_2Parametersin_Test" name="testcaseE" time="0.000"/>
  <testcase classname="TESTNG_MKT.S_61_Annotation_2Parametersin_Test" name="testcaseB">
    <skipped/>
  </testcase> <!-- testcaseB -->
</testsuite> <!-- TESTNG_MKT.S_61_Annotation_2Parametersin_Test -->
