<?xml version="1.0" encoding="UTF-8"?>
<!-- Generated by org.testng.reporters.JUnitReportReporter -->
<testsuite hostname="usa0300vm3739" failures="0" tests="2" name="TESTNG_MKT.S_52_Amazon_TestNG" time="52.808" errors="0" timestamp="2025-01-21T01:58:04 EST" skipped="0">
  <testcase classname="TESTNG_MKT.S_52_Amazon_TestNG" name="login_AddToWishlist" time="29.471"/>
  <testcase classname="TESTNG_MKT.S_52_Amazon_TestNG" name="login_SearchProduct" time="23.337"/>
</testsuite> <!-- TESTNG_MKT.S_52_Amazon_TestNG -->
