<?xml version="1.0" encoding="UTF-8"?>
<!-- Generated by org.testng.reporters.JUnitReportReporter -->
<testsuite hostname="usa0300vm3739" failures="0" tests="2" name="TESTNG_MKT.S_51_OrderOfAnnotations" time="0.011" errors="0" timestamp="2025-01-20T05:36:56 EST" skipped="0">
  <testcase classname="TESTNG_MKT.S_51_OrderOfAnnotations" name="test" time="0.010"/>
  <testcase classname="TESTNG_MKT.S_51_OrderOfAnnotations" name="test1" time="0.001"/>
</testsuite> <!-- TESTNG_MKT.S_51_OrderOfAnnotations -->
