<?xml version="1.0" encoding="UTF-8"?>
<!-- Generated by org.testng.reporters.JUnitReportReporter -->
<testsuite hostname="usa0300vm3739" failures="0" tests="4" name="TESTNG_MKT.S_60_PriorityCheck" time="0.010" errors="0" timestamp="2025-01-29T05:30:39 EST" skipped="0">
  <testcase classname="TESTNG_MKT.S_60_PriorityCheck" name="testcaseA" time="0.007"/>
  <testcase classname="TESTNG_MKT.S_60_PriorityCheck" name="testcaseC" time="0.001"/>
  <testcase classname="TESTNG_MKT.S_60_PriorityCheck" name="testcaseB" time="0.001"/>
  <testcase classname="TESTNG_MKT.S_60_PriorityCheck" name="testcaseD" time="0.001"/>
</testsuite> <!-- TESTNG_MKT.S_60_PriorityCheck -->
