<?xml version="1.0" encoding="UTF-8"?>
<!-- Generated by org.testng.reporters.JUnitReportReporter -->
<testsuite hostname="usa0300vm3739" failures="0" tests="1" name="Facebook_Test.Facebook_Scenario2" time="17.510" errors="0" timestamp="2024-10-12T08:05:05 EDT" skipped="0">
  <testcase classname="Facebook_Test.Facebook_Scenario2" name="like_Post" time="17.510"/>
</testsuite> <!-- Facebook_Test.Facebook_Scenario2 -->
