<?xml version="1.0" encoding="UTF-8"?>
<!-- Generated by org.testng.reporters.JUnitReportReporter -->
<testsuite hostname="usa0300vm3739" failures="0" tests="1" name="Facebook_Test.Facebook_Scenario1" time="17.448" errors="0" timestamp="2024-10-11T15:15:52 EDT" skipped="0">
  <testcase classname="Facebook_Test.Facebook_Scenario1" name="FBlogin" time="17.448"/>
</testsuite> <!-- Facebook_Test.Facebook_Scenario1 -->
