<?xml version="1.0" encoding="UTF-8"?>
<!-- Generated by org.testng.reporters.JUnitReportReporter -->
<testsuite hostname="usa0300vm3739" failures="0" tests="1" name="amazon_Test.Amazon_Testcase2" time="20.407" errors="0" timestamp="2024-08-28T02:41:22 EDT" skipped="0">
  <testcase classname="amazon_Test.Amazon_Testcase2" name="logintobookingdc" time="20.407"/>
</testsuite> <!-- amazon_Test.Amazon_Testcase2 -->
