<?xml version="1.0" encoding="UTF-8"?>
<!-- Generated by org.testng.reporters.JUnitReportReporter -->
<testsuite hostname="usa0300vm3739" failures="0" tests="1" name="Maven_MKT.Mock_Interview_Maven.Login_FB_Test" time="18.838" errors="0" timestamp="2024-12-05T06:09:02 EST" skipped="0">
  <testcase classname="Maven_MKT.Mock_Interview_Maven.Login_FB_Test" name="loginTest" time="18.838">
    <system-out>
      <![CDATA[Testcase is passed]]>
    </system-out>
  </testcase> <!-- loginTest -->
  <system-out>
    <![CDATA[Testcase is passed]]>
  </system-out>
</testsuite> <!-- Maven_MKT.Mock_Interview_Maven.Login_FB_Test -->
